0 info it worked if it ends with ok
1 verbose cli [ '/Users/zolhawry/.nvm/versions/node/v6.10.3/bin/node',
1 verbose cli   '/Users/zolhawry/.nvm/versions/node/v6.10.3/bin/npm',
1 verbose cli   'run',
1 verbose cli   'updateMinor' ]
2 info using npm@3.10.10
3 info using node@v6.10.3
4 verbose run-script [ 'preupdateMinor', 'updateMinor', 'postupdateMinor' ]
5 info lifecycle accessibility-js-routines@1.1.0~preupdateMinor: accessibility-js-routines@1.1.0
6 silly lifecycle accessibility-js-routines@1.1.0~preupdateMinor: no script for preupdateMinor, continuing
7 info lifecycle accessibility-js-routines@1.1.0~updateMinor: accessibility-js-routines@1.1.0
8 verbose lifecycle accessibility-js-routines@1.1.0~updateMinor: unsafe-perm in lifecycle true
9 verbose lifecycle accessibility-js-routines@1.1.0~updateMinor: PATH: /Users/zolhawry/.nvm/versions/node/v6.10.3/lib/node_modules/npm/bin/node-gyp-bin:/Users/zolhawry/git/accessibility.js/node_modules/.bin:/Users/zolhawry/.nvm/versions/node/v6.10.3/bin:/opt/local/libexec/gnubin/:/opt/local/bin:/opt/local/sbin:/opt/local/libexec/gnubin/:/opt/local/bin:/opt/local/sbin:/usr/local/bin:/usr/bin:/bin:/usr/sbin:/sbin:/opt/X11/bin:/Library/Frameworks/Mono.framework/Versions/Current/Commands:~/bin/:/Users/zhawry/hybris/hybris-suite-5.1.0.0/hybris/bin/platform/apache-ant-1.9.1/bin:~/bin/ant/:~/bin/apache-maven-3.0.5/bin:/Users/zolhawry/.rvm/bin
10 verbose lifecycle accessibility-js-routines@1.1.0~updateMinor: CWD: /Users/zolhawry/git/accessibility.js
11 silly lifecycle accessibility-js-routines@1.1.0~updateMinor: Args: [ '-c', 'V=`npm update minor`; git tag $V; git push origin $V' ]
12 silly lifecycle accessibility-js-routines@1.1.0~updateMinor: Returned: code: 1  signal: null
13 info lifecycle accessibility-js-routines@1.1.0~updateMinor: Failed to exec updateMinor script
14 verbose stack Error: accessibility-js-routines@1.1.0 updateMinor: `V=`npm update minor`; git tag $V; git push origin $V`
14 verbose stack Exit status 1
14 verbose stack     at EventEmitter.<anonymous> (/Users/zolhawry/.nvm/versions/node/v6.10.3/lib/node_modules/npm/lib/utils/lifecycle.js:255:16)
14 verbose stack     at emitTwo (events.js:106:13)
14 verbose stack     at EventEmitter.emit (events.js:191:7)
14 verbose stack     at ChildProcess.<anonymous> (/Users/zolhawry/.nvm/versions/node/v6.10.3/lib/node_modules/npm/lib/utils/spawn.js:40:14)
14 verbose stack     at emitTwo (events.js:106:13)
14 verbose stack     at ChildProcess.emit (events.js:191:7)
14 verbose stack     at maybeClose (internal/child_process.js:886:16)
14 verbose stack     at Process.ChildProcess._handle.onexit (internal/child_process.js:226:5)
15 verbose pkgid accessibility-js-routines@1.1.0
16 verbose cwd /Users/zolhawry/git/accessibility.js
17 error Darwin 16.7.0
18 error argv "/Users/zolhawry/.nvm/versions/node/v6.10.3/bin/node" "/Users/zolhawry/.nvm/versions/node/v6.10.3/bin/npm" "run" "updateMinor"
19 error node v6.10.3
20 error npm  v3.10.10
21 error code ELIFECYCLE
22 error accessibility-js-routines@1.1.0 updateMinor: `V=`npm update minor`; git tag $V; git push origin $V`
22 error Exit status 1
23 error Failed at the accessibility-js-routines@1.1.0 updateMinor script 'V=`npm update minor`; git tag $V; git push origin $V'.
23 error Make sure you have the latest version of node.js and npm installed.
23 error If you do, this is most likely a problem with the accessibility-js-routines package,
23 error not with npm itself.
23 error Tell the author that this fails on your system:
23 error     V=`npm update minor`; git tag $V; git push origin $V
23 error You can get information on how to open an issue for this project with:
23 error     npm bugs accessibility-js-routines
23 error Or if that isn't available, you can get their info via:
23 error     npm owner ls accessibility-js-routines
23 error There is likely additional logging output above.
24 verbose exit [ 1, true ]
